::1 - - [17/Mar/2019:20:38:39 -0700] "GET /phpmyadmin/ HTTP/1.1" 200 7559
::1 - - [17/Mar/2019:20:38:39 -0700] "GET /phpmyadmin/js/messages.php?lang=en&db=&token=aab71b2ae38089b5934da1da6852f5da HTTP/1.1" 200 4934
::1 - - [17/Mar/2019:20:38:39 -0700] "GET /phpmyadmin/phpmyadmin.css.php?server=1&token=aab71b2ae38089b5934da1da6852f5da&js_frame=right&nocache=3975704799 HTTP/1.1" 200 41672
::1 - - [17/Mar/2019:20:38:42 -0700] "POST /phpmyadmin/index.php HTTP/1.1" 302 -
::1 - - [17/Mar/2019:20:38:42 -0700] "GET /phpmyadmin/index.php?token=aab71b2ae38089b5934da1da6852f5da HTTP/1.1" 200 2590
::1 - - [17/Mar/2019:20:38:42 -0700] "GET /phpmyadmin/navigation.php?token=aab71b2ae38089b5934da1da6852f5da HTTP/1.1" 200 4063
::1 - - [17/Mar/2019:20:38:42 -0700] "GET /phpmyadmin/main.php?token=aab71b2ae38089b5934da1da6852f5da HTTP/1.1" 200 37829
::1 - - [17/Mar/2019:20:38:43 -0700] "GET /phpmyadmin/phpmyadmin.css.php?token=aab71b2ae38089b5934da1da6852f5da&js_frame=left&nocache=5528162556 HTTP/1.1" 200 5861
::1 - - [17/Mar/2019:20:38:43 -0700] "GET /phpmyadmin/phpmyadmin.css.php?server=1&token=aab71b2ae38089b5934da1da6852f5da&js_frame=right&nocache=5528162556 HTTP/1.1" 200 41672
::1 - - [17/Mar/2019:20:38:47 -0700] "GET /phpmyadmin/main.php?token=aab71b2ae38089b5934da1da6852f5da HTTP/1.1" 200 37829
::1 - - [17/Mar/2019:20:38:48 -0700] "GET /phpmyadmin/server_databases.php?token=aab71b2ae38089b5934da1da6852f5da HTTP/1.1" 200 32966
::1 - - [17/Mar/2019:20:38:51 -0700] "POST /phpmyadmin/server_databases.php HTTP/1.1" 200 7575
::1 - - [17/Mar/2019:20:38:51 -0700] "GET /phpmyadmin/navigation.php?server=1&token=aab71b2ae38089b5934da1da6852f5da&db=&table=&lang=en&collation_connection=utf8_general_ci HTTP/1.1" 200 4063
::1 - - [17/Mar/2019:20:38:53 -0700] "GET /phpmyadmin/server_import.php?token=aab71b2ae38089b5934da1da6852f5da HTTP/1.1" 200 17869
::1 - - [17/Mar/2019:20:38:53 -0700] "GET /phpmyadmin/js/import.js?ts=1324508872 HTTP/1.1" 200 1383
::1 - - [17/Mar/2019:20:38:53 -0700] "GET /phpmyadmin/themes/pmahomme/img/ajax_clock_small.gif HTTP/1.1" 200 1849
::1 - - [17/Mar/2019:20:39:04 -0700] "POST /phpmyadmin/import.php HTTP/1.1" 200 17746
::1 - - [17/Mar/2019:20:39:04 -0700] "GET /phpmyadmin/themes/pmahomme/img/s_success.png HTTP/1.1" 200 537
::1 - - [17/Mar/2019:20:39:04 -0700] "GET /phpmyadmin/navigation.php?token=aab71b2ae38089b5934da1da6852f5da HTTP/1.1" 200 4063
::1 - - [17/Mar/2019:20:39:11 -0700] "GET /phpmyadmin/server_databases.php?token=aab71b2ae38089b5934da1da6852f5da HTTP/1.1" 200 32966
::1 - - [17/Mar/2019:20:39:14 -0700] "GET /phpmyadmin/index.php?db=css475_nba&token=aab71b2ae38089b5934da1da6852f5da HTTP/1.1" 200 2644
::1 - - [17/Mar/2019:20:39:14 -0700] "GET /phpmyadmin/navigation.php?token=aab71b2ae38089b5934da1da6852f5da&db=css475_nba HTTP/1.1" 200 8167
::1 - - [17/Mar/2019:20:39:14 -0700] "GET /phpmyadmin/db_structure.php?token=aab71b2ae38089b5934da1da6852f5da&db=css475_nba HTTP/1.1" 200 33246
::1 - - [17/Mar/2019:20:39:15 -0700] "GET /phpmyadmin/js/messages.php?lang=en&db=css475_nba&token=aab71b2ae38089b5934da1da6852f5da HTTP/1.1" 200 4944
::1 - - [17/Mar/2019:20:39:17 -0700] "GET /phpmyadmin/js/pMap.js?ts=1324508872 HTTP/1.1" 200 1915
::1 - - [17/Mar/2019:20:39:17 -0700] "GET /phpmyadmin/themes/pmahomme/img/s_tbl.png HTTP/1.1" 200 714
::1 - - [17/Mar/2019:20:39:17 -0700] "GET /phpmyadmin/themes/pmahomme/img/b_tblexport.png HTTP/1.1" 200 641
::1 - - [17/Mar/2019:20:39:17 -0700] "GET /phpmyadmin/sql.php?db=css475_nba&token=aab71b2ae38089b5934da1da6852f5da&table=played_for&pos=0 HTTP/1.1" 200 243249
::1 - - [17/Mar/2019:20:39:17 -0700] "GET /phpmyadmin/themes/pmahomme/img/b_tblimport.png HTTP/1.1" 200 629
::1 - - [17/Mar/2019:20:39:17 -0700] "GET /phpmyadmin/themes/pmahomme/img/s_fulltext.png HTTP/1.1" 200 244
::1 - - [17/Mar/2019:20:39:17 -0700] "GET /phpmyadmin/themes/pmahomme/img/b_edit.png HTTP/1.1" 200 444
::1 - - [17/Mar/2019:20:39:17 -0700] "GET /phpmyadmin/themes/pmahomme/img/b_chart.png HTTP/1.1" 200 541
::1 - - [17/Mar/2019:20:39:17 -0700] "GET /phpmyadmin/themes/pmahomme/img/b_views.png HTTP/1.1" 200 700
::1 - - [17/Mar/2019:20:39:17 -0700] "GET /phpmyadmin/themes/pmahomme/img/b_inline_edit.png HTTP/1.1" 200 618
::1 - - [17/Mar/2019:20:39:19 -0700] "GET /phpmyadmin/sql.php?db=css475_nba&token=aab71b2ae38089b5934da1da6852f5da&table=team&pos=0 HTTP/1.1" 200 103716
::1 - - [17/Mar/2019:20:39:28 -0700] "GET / HTTP/1.1" 200 4990
::1 - - [17/Mar/2019:20:39:31 -0700] "GET /search_team.html HTTP/1.1" 304 -
::1 - - [17/Mar/2019:20:39:32 -0700] "GET /search_team_result.php?team=lakers HTTP/1.1" 200 2176
::1 - - [17/Mar/2019:20:43:30 -0700] "GET / HTTP/1.1" 200 4990
::1 - - [17/Mar/2019:20:43:32 -0700] "GET /arenas.php HTTP/1.1" 200 7232
::1 - - [17/Mar/2019:20:43:32 -0700] "GET /images/Wells%20Fargo%20Center.jpg HTTP/1.1" 200 77277
::1 - - [17/Mar/2019:20:43:32 -0700] "GET /images/Moda%20Center.jpg HTTP/1.1" 200 93990
::1 - - [17/Mar/2019:20:43:32 -0700] "GET /images/Fiserv%20Forum.jpg HTTP/1.1" 200 64972
::1 - - [17/Mar/2019:20:43:32 -0700] "GET /images/United%20Center.jpg HTTP/1.1" 200 87753
::1 - - [17/Mar/2019:20:43:32 -0700] "GET /images/Quicken%20Loans%20Arena.jpg HTTP/1.1" 200 117498
::1 - - [17/Mar/2019:20:43:32 -0700] "GET /images/TD%20Garden.jpg HTTP/1.1" 200 65523
::1 - - [17/Mar/2019:20:43:32 -0700] "GET /images/FeDex%20Forum.jpg HTTP/1.1" 200 80564
::1 - - [17/Mar/2019:20:43:32 -0700] "GET /images/State%20Farm%20Arena.jpg HTTP/1.1" 200 120668
::1 - - [17/Mar/2019:20:43:32 -0700] "GET /images/Staples%20Center.jpg HTTP/1.1" 200 102311
::1 - - [17/Mar/2019:20:43:32 -0700] "GET /images/Spectrum%20Center.jpg HTTP/1.1" 200 62495
::1 - - [17/Mar/2019:20:43:32 -0700] "GET /images/Vivint%20Smart%20Home%20Arena.jpg HTTP/1.1" 200 86294
::1 - - [17/Mar/2019:20:43:32 -0700] "GET /images/American%20Airlines%20Arena.jpg HTTP/1.1" 200 127163
::1 - - [17/Mar/2019:20:43:32 -0700] "GET /images/Golden%201%20Center.jpg HTTP/1.1" 200 73393
::1 - - [17/Mar/2019:20:43:32 -0700] "GET /images/Madison%20Square%20Garden.jpg HTTP/1.1" 200 120563
::1 - - [17/Mar/2019:20:43:32 -0700] "GET /images/Amway%20Center.jpg HTTP/1.1" 200 119567
::1 - - [17/Mar/2019:20:43:32 -0700] "GET /images/American%20Airlines%20Center.jpg HTTP/1.1" 200 110770
::1 - - [17/Mar/2019:20:43:32 -0700] "GET /images/Barclays%20Center.jpg HTTP/1.1" 200 69252
::1 - - [17/Mar/2019:20:43:32 -0700] "GET /images/Pepsi%20Center.jpg HTTP/1.1" 200 65085
::1 - - [17/Mar/2019:20:43:32 -0700] "GET /images/Smoothie%20King%20Center.jpg HTTP/1.1" 200 69783
::1 - - [17/Mar/2019:20:43:32 -0700] "GET /images/Bankers%20Life%20Fieldhouse.jpg HTTP/1.1" 200 67638
::1 - - [17/Mar/2019:20:43:32 -0700] "GET /images/Little%20Caesers%20Arena.jpg HTTP/1.1" 200 66676
::1 - - [17/Mar/2019:20:43:32 -0700] "GET /images/Scotiabank%20Arena.jpg HTTP/1.1" 200 131778
::1 - - [17/Mar/2019:20:43:32 -0700] "GET /images/AT&T%20Center.jpg HTTP/1.1" 200 58617
::1 - - [17/Mar/2019:20:43:32 -0700] "GET /images/Toyota%20Center.jpg HTTP/1.1" 200 103013
::1 - - [17/Mar/2019:20:43:32 -0700] "GET /images/Talking%20Stick%20Resort%20Arena.jpg HTTP/1.1" 200 93589
::1 - - [17/Mar/2019:20:43:32 -0700] "GET /images/Chesapeake%20Energy%20Arena.jpg HTTP/1.1" 200 78594
::1 - - [17/Mar/2019:20:43:32 -0700] "GET /images/Target%20Center.jpg HTTP/1.1" 200 109186
::1 - - [17/Mar/2019:20:43:32 -0700] "GET /images/Oracle%20Arena.jpg HTTP/1.1" 200 107596
::1 - - [17/Mar/2019:20:43:32 -0700] "GET /images/Capital%20One%20Arena.jpg HTTP/1.1" 200 87920
::1 - - [17/Mar/2019:20:43:46 -0700] "GET /arenas.php HTTP/1.1" 200 7262
